2020-02-15 13:44:09 [restartedMain] INFO  c.e.s.l.a.SpringBootLoggingApplication -
				Starting SpringBootLoggingApplication on Manojs-Air with PID 2454 (/Users/manojagarwal/Documents/workspace-spring-tool-suite-4-4.4.2.RELEASE/spring-boot-logging/target/classes started by manojagarwal in /Users/manojagarwal/Documents/workspace-spring-tool-suite-4-4.4.2.RELEASE/spring-boot-logging)
2020-02-15 13:44:09 [restartedMain] DEBUG c.e.s.l.a.SpringBootLoggingApplication -
				Running with Spring Boot v2.2.4.RELEASE, Spring v5.2.3.RELEASE
2020-02-15 13:44:09 [restartedMain] INFO  c.e.s.l.a.SpringBootLoggingApplication -
				No active profile set, falling back to default profiles: default
2020-02-15 13:44:09 [restartedMain] INFO  c.e.s.l.a.SpringBootLoggingApplication -
				Started SpringBootLoggingApplication in 0.678 seconds (JVM running for 1251.807)
2020-02-15 13:44:22 [restartedMain] INFO  c.e.s.l.a.SpringBootLoggingApplication -
				Starting SpringBootLoggingApplication on Manojs-Air with PID 5161 (/Users/manojagarwal/Documents/workspace-spring-tool-suite-4-4.4.2.RELEASE/spring-boot-logging/target/classes started by manojagarwal in /Users/manojagarwal/Documents/workspace-spring-tool-suite-4-4.4.2.RELEASE/spring-boot-logging)
2020-02-15 13:44:22 [restartedMain] DEBUG c.e.s.l.a.SpringBootLoggingApplication -
				Running with Spring Boot v2.2.4.RELEASE, Spring v5.2.3.RELEASE
2020-02-15 13:44:22 [restartedMain] INFO  c.e.s.l.a.SpringBootLoggingApplication -
				No active profile set, falling back to default profiles: default
2020-02-15 13:44:25 [restartedMain] INFO  c.e.s.l.a.SpringBootLoggingApplication -
				Started SpringBootLoggingApplication in 3.465 seconds (JVM running for 4.76)
2020-02-15 13:44:40 [restartedMain] INFO  c.e.s.l.a.SpringBootLoggingApplication -
				Starting SpringBootLoggingApplication on Manojs-Air with PID 5161 (/Users/manojagarwal/Documents/workspace-spring-tool-suite-4-4.4.2.RELEASE/spring-boot-logging/target/classes started by manojagarwal in /Users/manojagarwal/Documents/workspace-spring-tool-suite-4-4.4.2.RELEASE/spring-boot-logging)
2020-02-15 13:44:40 [restartedMain] DEBUG c.e.s.l.a.SpringBootLoggingApplication -
				Running with Spring Boot v2.2.4.RELEASE, Spring v5.2.3.RELEASE
2020-02-15 13:44:40 [restartedMain] INFO  c.e.s.l.a.SpringBootLoggingApplication -
				No active profile set, falling back to default profiles: default
2020-02-15 13:44:41 [restartedMain] INFO  c.e.s.l.a.SpringBootLoggingApplication -
				Started SpringBootLoggingApplication in 0.858 seconds (JVM running for 21.185)
2020-02-15 13:45:17 [restartedMain] INFO  c.e.s.l.a.SpringBootLoggingApplication -
				Starting SpringBootLoggingApplication on Manojs-Air with PID 5283 (/Users/manojagarwal/Documents/workspace-spring-tool-suite-4-4.4.2.RELEASE/spring-boot-logging/target/classes started by manojagarwal in /Users/manojagarwal/Documents/workspace-spring-tool-suite-4-4.4.2.RELEASE/spring-boot-logging)
2020-02-15 13:45:17 [restartedMain] DEBUG c.e.s.l.a.SpringBootLoggingApplication -
				Running with Spring Boot v2.2.4.RELEASE, Spring v5.2.3.RELEASE
2020-02-15 13:45:17 [restartedMain] INFO  c.e.s.l.a.SpringBootLoggingApplication -
				No active profile set, falling back to default profiles: default
2020-02-15 13:45:20 [restartedMain] INFO  c.e.s.l.a.SpringBootLoggingApplication -
				Started SpringBootLoggingApplication in 3.381 seconds (JVM running for 4.31)
2020-02-15 13:48:18 [restartedMain] INFO  c.e.s.l.a.SpringBootLoggingApplication -
				Starting SpringBootLoggingApplication on Manojs-Air with PID 5283 (/Users/manojagarwal/Documents/workspace-spring-tool-suite-4-4.4.2.RELEASE/spring-boot-logging/target/classes started by manojagarwal in /Users/manojagarwal/Documents/workspace-spring-tool-suite-4-4.4.2.RELEASE/spring-boot-logging)
2020-02-15 13:48:18 [restartedMain] DEBUG c.e.s.l.a.SpringBootLoggingApplication -
				Running with Spring Boot v2.2.4.RELEASE, Spring v5.2.3.RELEASE
2020-02-15 13:48:18 [restartedMain] INFO  c.e.s.l.a.SpringBootLoggingApplication -
				No active profile set, falling back to default profiles: default
2020-02-15 13:48:20 [restartedMain] INFO  c.e.s.l.a.SpringBootLoggingApplication -
				Started SpringBootLoggingApplication in 1.281 seconds (JVM running for 184.278)
2020-02-15 13:48:25 [http-nio-8080-exec-2] DEBUG c.e.s.l.a.SpringBootLoggingApplication -
				Request NISH
2020-02-15 13:48:25 [http-nio-8080-exec-2] DEBUG c.e.s.l.a.SpringBootLoggingApplication -
				Response Hi NISH. Welcome to java techie.
2020-02-15 13:48:34 [http-nio-8080-exec-3] DEBUG c.e.s.l.a.SpringBootLoggingApplication -
				Request test
