"2020-02-15 13:23:19 [restartedMain] INFO  c.e.s.l.a.SpringBootLoggingApplication - Starting SpringBootLoggingApplication on Manojs-Air with PID 2454 (/Users/manojagarwal/Documents/workspace-spring-tool-suite-4-4.4.2.RELEASE/spring-boot-logging/target/classes started by manojagarwal in /Users/manojagarwal/Documents/workspace-spring-tool-suite-4-4.4.2.RELEASE/spring-boot-logging)
""2020-02-15 13:23:19 [restartedMain] DEBUG c.e.s.l.a.SpringBootLoggingApplication - Running with Spring Boot v2.2.4.RELEASE, Spring v5.2.3.RELEASE
""2020-02-15 13:23:19 [restartedMain] INFO  c.e.s.l.a.SpringBootLoggingApplication - No active profile set, falling back to default profiles: default
""2020-02-15 13:23:19 [restartedMain] INFO  o.s.b.d.e.DevToolsPropertyDefaultsPostProcessor - Devtools property defaults active! Set 'spring.devtools.add-properties' to 'false' to disable
""2020-02-15 13:23:19 [restartedMain] INFO  o.s.b.d.e.DevToolsPropertyDefaultsPostProcessor - For additional web related logging consider setting the 'logging.level.web' property to 'DEBUG'
""2020-02-15 13:23:22 [restartedMain] INFO  o.s.b.w.e.tomcat.TomcatWebServer - Tomcat initialized with port(s): 8080 (http)
""2020-02-15 13:23:22 [restartedMain] INFO  o.a.catalina.core.StandardService - Starting service [Tomcat]
""2020-02-15 13:23:22 [restartedMain] INFO  o.a.catalina.core.StandardEngine - Starting Servlet engine: [Apache Tomcat/9.0.30]
""2020-02-15 13:23:22 [restartedMain] INFO  o.a.c.c.C.[Tomcat].[localhost].[/] - Initializing Spring embedded WebApplicationContext
""2020-02-15 13:23:23 [restartedMain] INFO  o.s.s.c.ThreadPoolTaskExecutor - Initializing ExecutorService 'applicationTaskExecutor'
""2020-02-15 13:23:23 [restartedMain] INFO  o.s.b.d.a.OptionalLiveReloadServer - LiveReload server is running on port 35729
""2020-02-15 13:23:23 [restartedMain] INFO  o.s.b.w.e.tomcat.TomcatWebServer - Tomcat started on port(s): 8080 (http) with context path ''
""2020-02-15 13:23:23 [restartedMain] INFO  c.e.s.l.a.SpringBootLoggingApplication - Started SpringBootLoggingApplication in 5.073 seconds (JVM running for 5.976)
""2020-02-15 13:23:44 [http-nio-8080-exec-1] INFO  o.a.c.c.C.[Tomcat].[localhost].[/] - Initializing Spring DispatcherServlet 'dispatcherServlet'
""2020-02-15 13:23:44 [http-nio-8080-exec-1] DEBUG c.e.s.l.a.SpringBootLoggingApplication - Request nish
""2020-02-15 13:23:44 [http-nio-8080-exec-1] DEBUG c.e.s.l.a.SpringBootLoggingApplication - Response Hi nish. Welcome to java techie.
""2020-02-15 13:26:19 [Thread-6] INFO  o.s.s.c.ThreadPoolTaskExecutor - Shutting down ExecutorService 'applicationTaskExecutor'
""2020-02-15 13:26:19 [restartedMain] INFO  c.e.s.l.a.SpringBootLoggingApplication - Starting SpringBootLoggingApplication on Manojs-Air with PID 2454 (/Users/manojagarwal/Documents/workspace-spring-tool-suite-4-4.4.2.RELEASE/spring-boot-logging/target/classes started by manojagarwal in /Users/manojagarwal/Documents/workspace-spring-tool-suite-4-4.4.2.RELEASE/spring-boot-logging)
""2020-02-15 13:26:19 [restartedMain] DEBUG c.e.s.l.a.SpringBootLoggingApplication - Running with Spring Boot v2.2.4.RELEASE, Spring v5.2.3.RELEASE
""2020-02-15 13:26:19 [restartedMain] INFO  c.e.s.l.a.SpringBootLoggingApplication - No active profile set, falling back to default profiles: default
""2020-02-15 13:26:20 [restartedMain] INFO  o.s.b.w.e.tomcat.TomcatWebServer - Tomcat initialized with port(s): 8080 (http)
""2020-02-15 13:26:20 [restartedMain] INFO  o.a.catalina.core.StandardService - Starting service [Tomcat]
""2020-02-15 13:26:20 [restartedMain] INFO  o.a.catalina.core.StandardEngine - Starting Servlet engine: [Apache Tomcat/9.0.30]
""2020-02-15 13:26:20 [restartedMain] INFO  o.a.c.c.C.[Tomcat].[localhost].[/] - Initializing Spring embedded WebApplicationContext
""2020-02-15 13:26:20 [restartedMain] INFO  o.s.s.c.ThreadPoolTaskExecutor - Initializing ExecutorService 'applicationTaskExecutor'
""2020-02-15 13:26:20 [restartedMain] INFO  o.s.b.d.a.OptionalLiveReloadServer - LiveReload server is running on port 35729
""2020-02-15 13:26:20 [restartedMain] INFO  o.s.b.w.e.tomcat.TomcatWebServer - Tomcat started on port(s): 8080 (http) with context path ''
""2020-02-15 13:26:20 [restartedMain] INFO  c.e.s.l.a.SpringBootLoggingApplication - Started SpringBootLoggingApplication in 0.887 seconds (JVM running for 182.51)
""2020-02-15 13:26:20 [restartedMain] INFO  o.s.b.d.a.ConditionEvaluationDeltaLoggingListener - Condition evaluation unchanged
""2020-02-15 13:29:16 [Thread-9] INFO  o.s.s.c.ThreadPoolTaskExecutor - Shutting down ExecutorService 'applicationTaskExecutor'
""2020-02-15 13:29:16 [restartedMain] INFO  c.e.s.l.a.SpringBootLoggingApplication - Starting SpringBootLoggingApplication on Manojs-Air with PID 2454 (/Users/manojagarwal/Documents/workspace-spring-tool-suite-4-4.4.2.RELEASE/spring-boot-logging/target/classes started by manojagarwal in /Users/manojagarwal/Documents/workspace-spring-tool-suite-4-4.4.2.RELEASE/spring-boot-logging)
""2020-02-15 13:29:16 [restartedMain] DEBUG c.e.s.l.a.SpringBootLoggingApplication - Running with Spring Boot v2.2.4.RELEASE, Spring v5.2.3.RELEASE
""2020-02-15 13:29:16 [restartedMain] INFO  c.e.s.l.a.SpringBootLoggingApplication - No active profile set, falling back to default profiles: default
""2020-02-15 13:29:17 [restartedMain] INFO  o.s.b.w.e.tomcat.TomcatWebServer - Tomcat initialized with port(s): 8080 (http)
""2020-02-15 13:29:17 [restartedMain] INFO  o.a.catalina.core.StandardService - Starting service [Tomcat]
""2020-02-15 13:29:17 [restartedMain] INFO  o.a.catalina.core.StandardEngine - Starting Servlet engine: [Apache Tomcat/9.0.30]
""2020-02-15 13:29:17 [restartedMain] INFO  o.a.c.c.C.[Tomcat].[localhost].[/] - Initializing Spring embedded WebApplicationContext
""2020-02-15 13:29:17 [restartedMain] INFO  o.s.s.c.ThreadPoolTaskExecutor - Initializing ExecutorService 'applicationTaskExecutor'
""2020-02-15 13:29:17 [restartedMain] INFO  o.s.b.d.a.OptionalLiveReloadServer - LiveReload server is running on port 35729
""2020-02-15 13:29:17 [restartedMain] INFO  o.s.b.w.e.tomcat.TomcatWebServer - Tomcat started on port(s): 8080 (http) with context path ''
""2020-02-15 13:29:17 [restartedMain] INFO  c.e.s.l.a.SpringBootLoggingApplication - Started SpringBootLoggingApplication in 1.268 seconds (JVM running for 359.702)
""2020-02-15 13:29:17 [restartedMain] INFO  o.s.b.d.a.ConditionEvaluationDeltaLoggingListener - Condition evaluation unchanged
""2020-02-15 13:30:46 [Thread-14] INFO  o.s.s.c.ThreadPoolTaskExecutor - Shutting down ExecutorService 'applicationTaskExecutor'
"